C51 COMPILER V9.57.0.0   SEVEN_SEG_DISPLAY2                                                01/06/2020 11:23:07 PAGE 1   


C51 COMPILER V9.57.0.0, COMPILATION OF MODULE SEVEN_SEG_DISPLAY2
OBJECT MODULE PLACED IN Seven_Seg_Display2.OBJ
COMPILER INVOKED BY: C:\Keil_v5\C51\BIN\C51.EXE Seven_Seg_Display2.c BROWSE DEBUG OBJECTEXTEND

line level    source

   1            #include <reg52.h>
   2          #define bitSelect P2
   3          #define segSelect P0
   4          /*
   5          function:数码管同时显示4321（间隔为1000ms)
   6          STC89C52：数码管驱动电路的三极管为PNP型，低电平导通，数码管为共阳极接法，低电平
   7          导通
   8          algorithm:循环导通位选端和段选端
   9          */
  10          unsigned int i;
  11          unsigned int j;
  12          
  13          void delayMS(unsigned int n);
  14          
  15          unsigned char bitcode[]={0xfe,0xfd,0xfb,0xf7};    
  16          unsigned char segcode[]={0x99,0xb0,0xa4,0xf9};
  17          
  18          void main(void)
  19          {       
  20   1              while(1)
  21   1                      {
  22   2                               
  23   2                              for(i=0;i<=3;i++)
  24   2                              {
  25   3                                      segSelect=segcode[i];
  26   3                                      bitSelect=bitcode[i];
  27   3                                      delayMS(5);
  28   3                              } 
  29   2                      }               
  30   1              
  31   1      }
  32          
  33          void delayMS(unsigned int n)
  34          {
  35   1              unsigned char j;
  36   1              while(n--)
  37   1              {
  38   2                      for(j=0;j<113;j++);
  39   2              }
  40   1      }


MODULE INFORMATION:   STATIC OVERLAYABLE
   CODE SIZE        =     69    ----
   CONSTANT SIZE    =   ----    ----
   XDATA SIZE       =   ----    ----
   PDATA SIZE       =   ----    ----
   DATA SIZE        =     12    ----
   IDATA SIZE       =   ----    ----
   BIT SIZE         =   ----    ----
END OF MODULE INFORMATION.


C51 COMPILATION COMPLETE.  0 WARNING(S),  0 ERROR(S)
