C51 COMPILER V9.57.0.0   SEVEN_SEG_DISPLAY                                                 01/06/2020 10:06:48 PAGE 1   


C51 COMPILER V9.57.0.0, COMPILATION OF MODULE SEVEN_SEG_DISPLAY
OBJECT MODULE PLACED IN Seven_Seg_Display.OBJ
COMPILER INVOKED BY: C:\Keil_v5\C51\BIN\C51.EXE Seven_Seg_Display.c BROWSE DEBUG OBJECTEXTEND

line level    source

   1          #include <reg52.h>
   2          #define bitSelect P2
   3          #define segSelect P0
   4          /*
   5          function:数码管循环显示4321（间隔为1000ms)
   6          */
   7          void delayMS(unsigned int n);
   8          
   9          void main(void)
  10          {
  11   1              while(1)
  12   1              {
  13   2                      bitSelect=0x00;
  14   2                      segSelect=0x00;
  15   2                      delayMS(1000);
  16   2      
  17   2                      bitSelect=0xfe; //bitSelect->Binary 1111 1110 
  18   2                      segSelect=0x99; //segSelect->Binary dp g f e d c b a  10011001
  19   2                      delayMS(1000);
  20   2      
  21   2      
  22   2                      bitSelect=0xfd;
  23   2                      segSelect=0xb0;
  24   2                      delayMS(1000);
  25   2      
  26   2                      bitSelect=0xfb;
  27   2                      segSelect=0xa4;
  28   2                      delayMS(1000);
  29   2                      
  30   2                      bitSelect=0xf7;
  31   2                      segSelect=0xf9;
  32   2                      delayMS(1000);          
  33   2              }
  34   1      }
  35          
  36          void delayMS(unsigned int n)
  37          {
  38   1              unsigned char j;
  39   1              while(n--)
  40   1              {
  41   2                      for(j=0;j<113;j++);
  42   2              }
  43   1      }
  44          
  45          
  46          


MODULE INFORMATION:   STATIC OVERLAYABLE
   CODE SIZE        =     72    ----
   CONSTANT SIZE    =   ----    ----
   XDATA SIZE       =   ----    ----
   PDATA SIZE       =   ----    ----
   DATA SIZE        =   ----    ----
   IDATA SIZE       =   ----    ----
C51 COMPILER V9.57.0.0   SEVEN_SEG_DISPLAY                                                 01/06/2020 10:06:48 PAGE 2   

   BIT SIZE         =   ----    ----
END OF MODULE INFORMATION.


C51 COMPILATION COMPLETE.  0 WARNING(S),  0 ERROR(S)
