C51 COMPILER V9.57.0.0   SEVEN_SEG_DISPLAY1                                                01/06/2020 11:04:10 PAGE 1   


C51 COMPILER V9.57.0.0, COMPILATION OF MODULE SEVEN_SEG_DISPLAY1
OBJECT MODULE PLACED IN Seven_Seg_Display1.OBJ
COMPILER INVOKED BY: C:\Keil_v5\C51\BIN\C51.EXE Seven_Seg_Display1.c BROWSE DEBUG OBJECTEXTEND

line level    source

   1          #include <reg52.h>
   2          #define bitSelect P2
   3          #define segSelect P0
   4          /*
   5          function:数码管循环显示4321（间隔为1000ms)
   6          STC89C52：数码管驱动电路的三极管为PNP型，低电平导通，数码管为共阳极接法，低电平
   7          导通
   8          algorithm:循环导通位选端和段选端
   9          */
  10          unsigned int i;
  11          unsigned int j;
  12          
  13          void delayMS(unsigned int n);
  14          
  15          
  16          unsigned char bitcode[]={0xfe,0xfd,0xfb,0xf7};    
  17          unsigned char segcode[]={0x99,0xb0,0xa4,0xf9};
  18          
  19          void main(void)
  20          {       
  21   1              while(1)
  22   1                      {
  23   2                               
  24   2                              for(i=0;i<=3;i++)
  25   2                              {
  26   3                                      segSelect=segcode[i];
  27   3                                      bitSelect=bitcode[i];
  28   3                                      delayMS(1000);
  29   3                              } 
  30   2                      }               
  31   1              
  32   1      }
  33          
  34          void delayMS(unsigned int n)
  35          {
  36   1              unsigned char j;
  37   1              while(n--)
  38   1              {
  39   2                      for(j=0;j<113;j++);
  40   2              }
  41   1      }


MODULE INFORMATION:   STATIC OVERLAYABLE
   CODE SIZE        =     69    ----
   CONSTANT SIZE    =   ----    ----
   XDATA SIZE       =   ----    ----
   PDATA SIZE       =   ----    ----
   DATA SIZE        =     12    ----
   IDATA SIZE       =   ----    ----
   BIT SIZE         =   ----    ----
END OF MODULE INFORMATION.


C51 COMPILATION COMPLETE.  0 WARNING(S),  0 ERROR(S)
