C51 COMPILER V9.00   DS18B20                                                               05/19/2017 15:53:20 PAGE 1   


C51 COMPILER V9.00, COMPILATION OF MODULE DS18B20
OBJECT MODULE PLACED IN DS18B20.obj
COMPILER INVOKED BY: C:\Keil\C51\BIN\C51.EXE USER\DS18B20.c BROWSE DEBUG OBJECTEXTEND PRINT(.\DS18B20.lst) OBJECT(DS18B2
                    -0.obj)

line level    source

   1          #include "main.h"
   2          unsigned char tflag;//温度正负标志  0表示正温度，1表示负温度
   3          
   4          void ds1820rst()   /*ds1820复位*/
   5          { 
   6   1              unsigned char x=0;
   7   1              DQ = 1;          //DQ复位
   8   1              Delay_1US(14); //延时
   9   1              DQ = 0;          //DQ拉低
  10   1              Delay_1US(480); //精确延时大于480us
  11   1              DQ = 1;          //拉高
  12   1              Delay_1US(140); 
  13   1      } 
  14          
  15          unsigned char ds1820rd()/*读数据*/
  16          { 
  17   1              unsigned char i=0;
  18   1              unsigned char dat = 0;
  19   1              for (i=8;i>0;i--)
  20   1              {   DQ = 0; //给脉冲信号
  21   2                  dat>>=1;
  22   2                  DQ = 1; //给脉冲信号
  23   2                  if(DQ)
  24   2                  dat|=0x80;
  25   2                  Delay_1US(20);
  26   2              }
  27   1         return(dat);
  28   1      }
  29          void ds1820wr(unsigned char wdata)/*写数据*/
  30          {
  31   1              unsigned char i=0;
  32   1              for (i=8; i>0; i--)
  33   1              {
  34   2                      DQ = 0;
  35   2                      DQ = wdata&0x01;
  36   2                      Delay_1US(20);
  37   2                      DQ = 1;
  38   2                      wdata>>=1;
  39   2              }
  40   1      }
  41          unsigned int read_temp()/*读取温度值并转换*/
  42          {
  43   1              unsigned char a,b;
  44   1              unsigned int tvalue;
  45   1              ds1820rst();    
  46   1              ds1820wr(0xcc);//*跳过读序列号*/
  47   1              ds1820wr(0x44);//*启动温度转换*/
  48   1              ds1820rst();    
  49   1              ds1820wr(0xcc);//*跳过读序列号*/ 
  50   1              ds1820wr(0xbe);//*读取温度*/ 
  51   1              a=ds1820rd();
  52   1              b=ds1820rd();
  53   1              tvalue=b;
  54   1              tvalue<<=8;
C51 COMPILER V9.00   DS18B20                                                               05/19/2017 15:53:20 PAGE 2   

  55   1              tvalue=tvalue|a;
  56   1              if(tvalue<0x0fff)
  57   1              {
  58   2                      tflag=0;
  59   2              }
  60   1              else
  61   1              {
  62   2                      tvalue=~tvalue+1;
  63   2                      tflag=1;
  64   2              }
  65   1              tvalue=tvalue*(0.0625);//如果需要将温度值精确到1位小数。将0.0625扩大10倍，
  66   1              return(tvalue);
  67   1      }
  68          
  69          
  70          /************DS18B20温度 end ************/


MODULE INFORMATION:   STATIC OVERLAYABLE
   CODE SIZE        =    202    ----
   CONSTANT SIZE    =   ----    ----
   XDATA SIZE       =   ----    ----
   PDATA SIZE       =   ----    ----
   DATA SIZE        =      1       6
   IDATA SIZE       =   ----    ----
   BIT SIZE         =   ----    ----
END OF MODULE INFORMATION.


C51 COMPILATION COMPLETE.  0 WARNING(S),  0 ERROR(S)
