C51 COMPILER V9.00   INF                                                                   05/19/2017 15:53:20 PAGE 1   


C51 COMPILER V9.00, COMPILATION OF MODULE INF
OBJECT MODULE PLACED IN INF.obj
COMPILER INVOKED BY: C:\Keil\C51\BIN\C51.EXE USER\INF.c BROWSE DEBUG OBJECTEXTEND PRINT(.\INF.lst) OBJECT(INF.obj)

line level    source

   1          #include "main.h"
   2          
   3          unsigned char Infrared_Step=0;
   4          unsigned int  Infrared_Time=0;
   5          unsigned char Infrared_Num=0;
   6          unsigned char Infrared_Code[4];
   7          bit Infrared_Flag=0;
   8          
   9          /****** 红外解码代码 begin ******/
  10          void INF_Init(void)
  11          {
  12   1              TMOD|=0x01;     //定时器1 16位手动重装
  13   1              TH0=0;  //重装值
  14   1              TL0=0;  //为红外解码记录时间
  15   1              ET0=1;  //开定时器1中断
  16   1              TR0=1;  //启动定时器1
  17   1      
  18   1              IT0=1;  //外部中断0低电平触发
  19   1      
  20   1              EX0=1;  //外部中断0使能 
  21   1              EA=1;   
  22   1      }
  23          
  24          void Time0_isr (void) interrupt 1
  25          {
  26   1              TH0=0;
  27   1              TL0=1;  
  28   1      }
  29          
  30          /***********************************
  31          *函数名称：void Int0_isr (void) interrupt 0
  32          *函数功能：外部中断0中断服务程序
  33          *参数说明：无
  34          *返回说明：无
  35          *其它说明：无
  36          ***********************************/
  37          void Int0_isr (void) interrupt 0
  38          {
  39   1          Infrared_Time=TH0*256+TL0;   //中断间隔时长
  40   1          TH0=0; 
  41   1          TL0=0;                      //定时计数器重新清零
  42   1              if (Infrared_Step==0)
  43   1              {
  44   2                      if ((Infrared_Time>12000)&&(Infrared_Time<17000))  //起始码 先确定一个大范围 然后逐次逼近       12000 17000
  45   2                      {
  46   3                              Infrared_Step=1;
  47   3                      }
  48   2                      else
  49   2                      {
  50   3                              Infrared_Step=0;
  51   3                      }
  52   2              }
  53   1              else if (Infrared_Step==1)
  54   1              {
  55   2                      if ((Infrared_Time>1450)&&(Infrared_Time<3000))  //红外编码为比特1 的时间
C51 COMPILER V9.00   INF                                                                   05/19/2017 15:53:20 PAGE 2   

  56   2                      {
  57   3                              Infrared_Code[Infrared_Num/8]<<=1;
  58   3                              Infrared_Code[Infrared_Num/8]|=0x01;
  59   3                              Infrared_Num++;
  60   3                      }
  61   2                      else if((Infrared_Time>700)&&(Infrared_Time<1450))//红外编码为比特0的时间
  62   2                      {
  63   3                              Infrared_Code[Infrared_Num/8]<<=1;
  64   3                              Infrared_Code[Infrared_Num/8]&=0xfe;
  65   3                              Infrared_Num++;
  66   3                      }
  67   2                      
  68   2                      if (Infrared_Num>=32)
  69   2                      {
  70   3                              Infrared_Num=0;
  71   3                              Infrared_Step=0;
  72   3                              if (Infrared_Code[2]==~Infrared_Code[3])
  73   3                              {
  74   4                                      Infrared_Flag=1;
  75   4                              }                                       
  76   3                      }               
  77   2              }
  78   1              else
  79   1              {                                 
  80   2                      Infrared_Step=0;
  81   2              }
  82   1      }
  83          
  84          
  85          /****** 红外解码代码  end ******/


MODULE INFORMATION:   STATIC OVERLAYABLE
   CODE SIZE        =    245    ----
   CONSTANT SIZE    =   ----    ----
   XDATA SIZE       =   ----    ----
   PDATA SIZE       =   ----    ----
   DATA SIZE        =      8    ----
   IDATA SIZE       =   ----    ----
   BIT SIZE         =      1    ----
END OF MODULE INFORMATION.


C51 COMPILATION COMPLETE.  0 WARNING(S),  0 ERROR(S)
