C51 COMPILER V9.00   LCD12864                                                              05/19/2017 15:53:20 PAGE 1   


C51 COMPILER V9.00, COMPILATION OF MODULE LCD12864
OBJECT MODULE PLACED IN LCD12864.obj
COMPILER INVOKED BY: C:\Keil\C51\BIN\C51.EXE USER\LCD12864.c BROWSE DEBUG OBJECTEXTEND PRINT(.\LCD12864.lst) OBJECT(LCD1
                    -2864.obj)

line level    source

   1          #include "main.h"
   2          
   3          /*TS12864A-3 端口定义*/
   4          #define LCD_data  P0             //数据口
   5          sbit LCD_RS  =  P2^0;            //寄存器选择输入 
   6          sbit LCD_RW  =  P2^1;            //液晶读/写控制
   7          sbit LCD_EN  =  P2^2;            //液晶使能控制
   8          sbit LCD_PSB =  P2^3;            //串/并方式控制
   9          
  10          
  11          
  12          /*******************************************************************/
  13          /*                                                                 */
  14          /*写指令数据到LCD                                                  */
  15          /*RS=L，RW=L，E=高脉冲，D0-D7=指令码。                             */
  16          /*                                                                 */
  17          /*******************************************************************/
  18          void LCD_wcmd(unsigned char cmd)
  19          {                          
  20   1          LCD_RS = 0;
  21   1          LCD_RW = 0;
  22   1          LCD_EN = 0;
  23   1          Delay_1US(4); 
  24   1          P0 = cmd;
  25   1          Delay_1US(8);
  26   1          LCD_EN = 1;
  27   1          Delay_1US(8);
  28   1          LCD_EN = 0;  
  29   1      }
  30          /*******************************************************************/
  31          /*                                                                 */
  32          /*写显示数据到LCD                                                  */
  33          /*RS=H，RW=L，E=高脉冲，D0-D7=数据。                               */
  34          /*                                                                 */
  35          /*******************************************************************/
  36          void LCD_wdat(unsigned char dat)
  37          {                          
  38   1          LCD_RS = 1;
  39   1          LCD_RW = 0;
  40   1          LCD_EN = 0;
  41   1          P0 = dat;
  42   1          Delay_1US(8);
  43   1          LCD_EN = 1;
  44   1          Delay_1US(8);
  45   1          LCD_EN = 0; 
  46   1      }
  47          /*******************************************************************/
  48          /*                                                                 */
  49          /*  LCD初始化设定                                                  */
  50          /*                                                                 */
  51          /*******************************************************************/
  52          void LCD_Init()
  53          { 
  54   1      
C51 COMPILER V9.00   LCD12864                                                              05/19/2017 15:53:20 PAGE 2   

  55   1          LCD_PSB = 1;         //并口方式
  56   1          
  57   1          LCD_wcmd(0x34);      //扩充指令操作
  58   1          Delay_1MS(5);
  59   1          LCD_wcmd(0x30);      //基本指令操作
  60   1          Delay_1MS(5);
  61   1          LCD_wcmd(0x0C);      //显示开，关光标
  62   1          Delay_1MS(5);
  63   1          LCD_wcmd(0x01);      //清除LCD的显示内容
  64   1          Delay_1MS(5);
  65   1      }
  66          
  67          void Clear_Dis12864()
  68          {
  69   1          LCD_wcmd(0x01);      //清除LCD的显示内容
  70   1          Delay_1MS(5);
  71   1      }
  72          
  73          /*********************************************************/
  74          /*                                                       */
  75          /* 设定显示位置                                          */
  76          /*                                                       */
  77          /*********************************************************/
  78          void lcd_pos(unsigned char X,unsigned char Y)
  79          {                          
  80   1              unsigned char  pos;
  81   1              if (X==0)
  82   1              {
  83   2                      X=0x80;
  84   2              }
  85   1              else if (X==1)
  86   1              {
  87   2                      X=0x90;
  88   2              }
  89   1              else if (X==2)
  90   1              {
  91   2                      X=0x88;
  92   2              }
  93   1              else if (X==3)
  94   1              {
  95   2                      X=0x98;
  96   2              }
  97   1              pos = X+Y ;  
  98   1              LCD_wcmd(pos);     //显示地址
  99   1      }
 100          
 101          
 102          void Dis_many(unsigned char *ttc,unsigned char x,unsigned char y)  //显示字库文字
 103          {
 104   1              lcd_pos(x,y);             //设置显示位置
 105   1              while(*ttc!= '\0')
 106   1              {
 107   2                      LCD_wdat(*ttc);      //显示字符
 108   2                      *(ttc++);
*** WARNING C275 IN LINE 108 OF USER\LCD12864.C: expression with possibly no effect
 109   2              }
 110   1      }
 111          
 112          
 113          void Dis_char(unsigned char ttc,unsigned char x,unsigned char y)  //显示字库文字
 114          {
 115   1              lcd_pos(x,y);             //设置显示位置
C51 COMPILER V9.00   LCD12864                                                              05/19/2017 15:53:20 PAGE 3   

 116   1          LCD_wdat(ttc);      //显示字符
 117   1      }


MODULE INFORMATION:   STATIC OVERLAYABLE
   CODE SIZE        =    216    ----
   CONSTANT SIZE    =   ----    ----
   XDATA SIZE       =   ----    ----
   PDATA SIZE       =   ----    ----
   DATA SIZE        =   ----       7
   IDATA SIZE       =   ----    ----
   BIT SIZE         =   ----    ----
END OF MODULE INFORMATION.


C51 COMPILATION COMPLETE.  1 WARNING(S),  0 ERROR(S)
