C51 COMPILER V9.00   LED                                                                   05/19/2017 15:53:20 PAGE 1   


C51 COMPILER V9.00, COMPILATION OF MODULE LED
OBJECT MODULE PLACED IN LED.obj
COMPILER INVOKED BY: C:\Keil\C51\BIN\C51.EXE USER\LED.c BROWSE DEBUG OBJECTEXTEND PRINT(.\LED.lst) OBJECT(LED.obj)

line level    source

   1          #include "main.h"
   2          
   3          sbit LED_WA=P2^0;       //数码管 各个位
   4          sbit LED_WB=P2^1;
   5          sbit LED_WC=P2^2;
   6          sbit LED_WD=P2^3;
   7          
   8          code unsigned char LED_Code[17]={0xC0,0xF9,0xA4,0xB0,0x99,0x92,0x82,0xF8,0x80,0x90,0x88,0x83,0xc6,0xa1,0x8
             -6,0x8e,0xbf};         //0-F 最后一位是 负号
   9          unsigned char Display_Buff[4];                  //四位数码管显示缓存 要显示的内容
  10          unsigned char Display_Num=0;                    //要显示的数码管位数
  11          unsigned char Display_Time=0;                   //数码管显示间隔记录
  12          
  13          /************数码管显示 begin ************/
  14          
  15          /***********************************
  16          *函数名称：void LED_Init(void)
  17          *函数功能：初始化 
  18          *参数说明：无
  19          *返回说明：无
  20          *其它说明：资源使用  定时器1 用于动态扫描数码管
  21          ***********************************/
  22          void LED_Init(void)
  23          {
  24   1              
  25   1              TMOD|=0x10;     //定时器1 16位手动重装
  26   1              TH1=(65536-922)/256;    //11.0592M晶振 1ms重装值
  27   1              TL1=(65536-922)%256;    //为测速记录时间
  28   1              ET1=1;  //开定时器1中断
  29   1              TR1=0;  //启动定时器1
  30   1      //
  31   1      //      EA=1;
  32   1      }
  33          
  34          
  35          void Stop_Display(void)
  36          {
  37   1              LED_WA=1;
  38   1              LED_WB=1;
  39   1              LED_WC=1;
  40   1              LED_WD=1;
  41   1              P0=0xff;
  42   1      }
  43          
  44          /***********************************
  45          *函数名称：void LED_Display(unsigned char num)
  46          *函数功能：数码管显示 
  47          *参数说明：num 指定要显示的位
  48          *返回说明：无
  49          *其它说明：每次显示需指定要显示的位 
  50          ***********************************/
  51          void LED_Display(unsigned char num,unsigned char dot)
  52          {
  53   1              switch (num)
  54   1              {
C51 COMPILER V9.00   LED                                                                   05/19/2017 15:53:20 PAGE 2   

  55   2                      case 0:
  56   2                      {
  57   3                              LED_WA=0;
  58   3                              LED_WB=1;
  59   3                              LED_WC=1;
  60   3                              LED_WD=1;
  61   3                              if (dot==0)
  62   3                              {
  63   4                                      P0=LED_Code[Display_Buff[0]]&0x7F;
  64   4                              }
  65   3                              else
  66   3                              {
  67   4                                      P0=LED_Code[Display_Buff[0]];
  68   4                              }
  69   3                      }break;
  70   2                      case 1:
  71   2                      {
  72   3                              LED_WA=1;
  73   3                              LED_WB=0;
  74   3                              LED_WC=1;
  75   3                              LED_WD=1;
  76   3                              if (dot==1)
  77   3                              {
  78   4                                      P0=LED_Code[Display_Buff[1]]&0x7F;
  79   4                              }
  80   3                              else
  81   3                              {
  82   4                                      P0=LED_Code[Display_Buff[1]];
  83   4                              }
  84   3                      }break;
  85   2                      case 2:
  86   2                      {
  87   3                              LED_WA=1;
  88   3                              LED_WB=1;
  89   3                              LED_WC=0;
  90   3                              LED_WD=1;
  91   3                              if (dot==2)
  92   3                              {
  93   4                                      P0=LED_Code[Display_Buff[2]]&0x7F;
  94   4                              }
  95   3                              else
  96   3                              {
  97   4                                      P0=LED_Code[Display_Buff[2]];
  98   4                              }
  99   3                      }break;
 100   2                      case 3:
 101   2                      {
 102   3                              LED_WA=1;
 103   3                              LED_WB=1;
 104   3                              LED_WC=1;
 105   3                              LED_WD=0;
 106   3                              if (dot==3)
 107   3                              {
 108   4                                      P0=LED_Code[Display_Buff[3]]&0x7F;
 109   4                              }
 110   3                              else
 111   3                              {
 112   4                                      P0=LED_Code[Display_Buff[3]];
 113   4                              }
 114   3                      }break;
 115   2                      default:break;
 116   2              }
C51 COMPILER V9.00   LED                                                                   05/19/2017 15:53:20 PAGE 3   

 117   1      }
 118          
 119          /***********************************
 120          *函数名称：void Time1 () interrupt 3
 121          *函数功能：定时器1 中断服务程序 
 122          *参数说明：无
 123          *返回说明：无
 124          *其它说明：负责 数码管显示
 125          ***********************************/
 126          void Time1 () interrupt 3
 127          {
 128   1              TH1=(65536-922)/256;    //11.0592M晶振 1ms重装值
 129   1              TL1=(65536-922)%256;    //为测速记录时间
 130   1              Display_Time++;
 131   1              if (Display_Time>=3)    //数码管显示间隔
 132   1              {
 133   2                      Display_Time=0;
 134   2                      LED_Display(Display_Num,4);
 135   2                      if (Display_Num<3)
 136   2                      {
 137   3                              Display_Num++;
 138   3                      }       
 139   2                      else
 140   2                      {
 141   3                              Display_Num=0;
 142   3                      }
 143   2              }
 144   1      }
 145          
 146          /************数码管显示 end ************/


MODULE INFORMATION:   STATIC OVERLAYABLE
   CODE SIZE        =    204    ----
   CONSTANT SIZE    =     17    ----
   XDATA SIZE       =   ----    ----
   PDATA SIZE       =   ----    ----
   DATA SIZE        =      6    ----
   IDATA SIZE       =   ----    ----
   BIT SIZE         =   ----    ----
END OF MODULE INFORMATION.


C51 COMPILATION COMPLETE.  0 WARNING(S),  0 ERROR(S)
