C51 COMPILER V9.57.0.0   LED                                                               01/05/2020 18:16:47 PAGE 1   


C51 COMPILER V9.57.0.0, COMPILATION OF MODULE LED
OBJECT MODULE PLACED IN LED.OBJ
COMPILER INVOKED BY: C:\Keil_v5\C51\BIN\C51.EXE LED.c BROWSE DEBUG OBJECTEXTEND

line level    source

   1          #include <reg52.h>
   2          
   3          sbit LED0=P1^0;
   4          sbit LED1=P1^1;
   5          sbit LED2=P1^2;
   6          sbit LED3=P1^3;
   7          sbit LED4=P1^4;
   8          sbit LED5=P1^5;
   9          sbit LED6=P1^6;
  10          sbit LED7=P1^7;
  11          void delayMS(unsigned int n);
  12          
  13          void main()
  14          {
  15   1              LED0=0;
  16   1              delayMS(1000);
  17   1              LED0=1;
  18   1              LED1=0;
  19   1              delayMS(1000);
  20   1              LED1=1;
  21   1              LED2=0;
  22   1              delayMS(1000);
  23   1              LED2=1;
  24   1              LED3=0;
  25   1              delayMS(1000);  
  26   1              LED3=1;
  27   1              LED4=0;
  28   1              delayMS(1000);
  29   1              LED4=1;
  30   1              LED5=0;
  31   1              delayMS(1000);
  32   1              LED5=1;
  33   1              LED6=0;
  34   1              delayMS(1000);
  35   1              LED6=1;
  36   1              LED7=0;
  37   1              delayMS(1000);
  38   1              LED7=1;                 
  39   1      }
  40          
  41          void delayMS(unsigned int n)
  42          {
  43   1              unsigned char j;
  44   1              while(n--)
  45   1              {
  46   2                      for(j=0;j<113;j++);
  47   2              }
  48   1      }


MODULE INFORMATION:   STATIC OVERLAYABLE
   CODE SIZE        =     83    ----
   CONSTANT SIZE    =   ----    ----
   XDATA SIZE       =   ----    ----
   PDATA SIZE       =   ----    ----
C51 COMPILER V9.57.0.0   LED                                                               01/05/2020 18:16:47 PAGE 2   

   DATA SIZE        =   ----    ----
   IDATA SIZE       =   ----    ----
   BIT SIZE         =   ----    ----
END OF MODULE INFORMATION.


C51 COMPILATION COMPLETE.  0 WARNING(S),  0 ERROR(S)
