C51 COMPILER V9.57.0.0   SEVEN_SEG_DISPLAY3                                                01/06/2020 20:50:26 PAGE 1   


C51 COMPILER V9.57.0.0, COMPILATION OF MODULE SEVEN_SEG_DISPLAY3
OBJECT MODULE PLACED IN Seven_Seg_Display3.OBJ
COMPILER INVOKED BY: C:\Keil_v5\C51\BIN\C51.EXE Seven_Seg_Display3.c BROWSE DEBUG OBJECTEXTEND

line level    source

   1          #include <reg52.h>
   2          #define bitSelect P2
   3          #define segSelect P0
   4          /*
   5          function:秒表计数
   6          STC89C52：数码管驱动电路的三极管为PNP型，低电平导通，数码管为共阳极接法，低电平
   7          导通。
   8          algorithm:，从最低位开始，精度为1秒
   9          */
  10          unsigned char segcode[]={0xC0,0xF9,0xA4,0xB0,0x99,0x92,0x82,0xF8,0x80,0x90}; 
  11          unsigned char bitcode[]={0xfe,0xfd,0xfb,0xf7};
  12          unsigned int i;
  13          unsigned int count;
  14          unsigned int k;
  15          unsigned char buffer[4];
  16          
  17          void delayMS(unsigned int n);
  18          void buf(void);
  19          void display(void);
  20          
  21          void buf(void)
  22          {
  23   1              buffer[0]=count/1000;
  24   1              buffer[1]=count/100%10;
  25   1              buffer[2]=count/10%10;
  26   1              buffer[3]=count%10;
  27   1      }
  28          
  29          void display(void)
  30          {       
  31   1              for(i=0;i<=3;i++)
  32   1              {       
  33   2                      segSelect=segcode[buffer[i]];
  34   2                      bitSelect=bitcode[i];
  35   2                      delayMS(2);
  36   2              }       
  37   1      }
  38          
  39          void main(void)
  40          {
  41   1              count=0;
  42   1              if(count<=9999)
  43   1              {
  44   2                      while(1)
  45   2                      {
  46   3                       buf();
  47   3                       display();
  48   3                       delayMS(1000);
  49   3                       count+=1;
  50   3                      }
  51   2              }
  52   1              else
  53   1              {
  54   2                      count=0;
  55   2              }               
C51 COMPILER V9.57.0.0   SEVEN_SEG_DISPLAY3                                                01/06/2020 20:50:26 PAGE 2   

  56   1      }
  57          
  58          void delayMS(unsigned int n)
  59          {
  60   1              unsigned char j;
  61   1              while(n--)
  62   1              {
  63   2                      for(j=0;j<113;j++);
  64   2              }
  65   1      }


MODULE INFORMATION:   STATIC OVERLAYABLE
   CODE SIZE        =    184    ----
   CONSTANT SIZE    =   ----    ----
   XDATA SIZE       =   ----    ----
   PDATA SIZE       =   ----    ----
   DATA SIZE        =     24    ----
   IDATA SIZE       =   ----    ----
   BIT SIZE         =   ----    ----
END OF MODULE INFORMATION.


C51 COMPILATION COMPLETE.  0 WARNING(S),  0 ERROR(S)
