C51 COMPILER V9.57.0.0   LED2                                                              01/05/2020 22:14:58 PAGE 1   


C51 COMPILER V9.57.0.0, COMPILATION OF MODULE LED2
OBJECT MODULE PLACED IN LED2.OBJ
COMPILER INVOKED BY: C:\Keil_v5\C51\BIN\C51.EXE LED2.c BROWSE DEBUG OBJECTEXTEND

line level    source

   1          #include <reg52.h>
   2          #include <intrins.h>
   3          
   4          unsigned char temp;
   5          void delayMS(unsigned int n);
   6          unsigned char i;
   7          
   8          
   9          void main()                                     
  10          {                                                               
  11   1      while(1)
  12   1              {
  13   2                      temp=0xfe;               //temp->Binary 1111 1110                                                 
  14   2                      P1=temp;
  15   2                      delayMS(1000);
  16   2                      for(i=1;i<=7;i++)
  17   2                      {
  18   3                              temp=_crol_(temp,1);                                                             
  19   3                              P1=temp;
  20   3                              delayMS(1000);//temp->Binary 0111 1111                                   
  21   3                      } 
  22   2      
  23   2                      for(i=1;i<=7;i++)
  24   2                      {       
  25   3                              temp=_cror_(temp,1);                                                                     
  26   3                              P1=temp;
  27   3                              delayMS(1000);//temp->Binary 1111 1110                                   
  28   3                      } 
  29   2              }                                                       
  30   1      }
  31          
  32          void delayMS(unsigned int n)
  33          {
  34   1              unsigned char j;
  35   1              while(n--)
  36   1              {
  37   2                      for(j=0;j<113;j++);
  38   2              }
  39   1      }


MODULE INFORMATION:   STATIC OVERLAYABLE
   CODE SIZE        =     93    ----
   CONSTANT SIZE    =   ----    ----
   XDATA SIZE       =   ----    ----
   PDATA SIZE       =   ----    ----
   DATA SIZE        =      2    ----
   IDATA SIZE       =   ----    ----
   BIT SIZE         =   ----    ----
END OF MODULE INFORMATION.


C51 COMPILATION COMPLETE.  0 WARNING(S),  0 ERROR(S)
