C51 COMPILER V9.57.0.0   LED3                                                              01/07/2020 14:30:14 PAGE 1   


C51 COMPILER V9.57.0.0, COMPILATION OF MODULE LED3
OBJECT MODULE PLACED IN LED3.OBJ
COMPILER INVOKED BY: C:\Keil_v5\C51\BIN\C51.EXE LED3.C BROWSE DEBUG OBJECTEXTEND

line level    source

   1          #include <reg52.h>
   2          sbit led1=P1^0;
   3          sbit key1=P3^2;
   4          void delayMS(unsigned int n);
   5          void ledFlash();
   6          
   7          void main(void)
   8          {
   9   1              while(1)
  10   1              {       led1=0;
  11   2                              if(key1==0)
  12   2                              {
  13   3                                      delayMS(10);     //软件消抖处理，再次判断是否处于低电平
  14   3                                      if(key1==0)
  15   3                                      {
  16   4                                              ledFlash();
  17   4                                      }
  18   3                      }
  19   2                                      while(!key1);//检测按键是否松开
  20   2              }       
  21   1      }
  22          
  23          void ledFlash()
  24          {
  25   1              while(1)
  26   1              {
  27   2                      led1=0;
  28   2                      delayMS(15);
  29   2                      led1=1;
  30   2                      delayMS(15);
  31   2              }
  32   1      }
  33          
  34          void delayMS(unsigned int n)
  35          {
  36   1              unsigned char j;
  37   1              while(n--)
  38   1              {
  39   2                      for(j=0;j<113;j++);
  40   2              }
  41   1      }


MODULE INFORMATION:   STATIC OVERLAYABLE
   CODE SIZE        =     65    ----
   CONSTANT SIZE    =   ----    ----
   XDATA SIZE       =   ----    ----
   PDATA SIZE       =   ----    ----
   DATA SIZE        =   ----    ----
   IDATA SIZE       =   ----    ----
   BIT SIZE         =   ----    ----
END OF MODULE INFORMATION.


C51 COMPILATION COMPLETE.  0 WARNING(S),  0 ERROR(S)
